c:\lpdev\nadvsrv\x64\debug\vc140.pdb
c:\lpdev\nadvsrv\x64\debug\vc140.idb
c:\lpdev\nadvsrv\x64\debug\advsrv.obj
c:\lpdev\nadvsrv\x64\debug\jobname.obj
c:\lpdev\nadvsrv\x64\debug\mwlang.obj
c:\lpdev\nadvsrv\x64\debug\notesdbts.obj
c:\lpdev\nadvsrv\x64\debug\procname.obj
c:\lpdev\nadvsrv\x64\debug\nadvsrv.ilk
c:\lpdev\nadvsrv\x64\debug\nadvsrv.dll
c:\lpdev\nadvsrv\x64\debug\nadvsrv.pdb
c:\lpdev\nadvsrv\x64\debug\nadvsrv.lib
c:\lpdev\nadvsrv\x64\debug\nadvsrv.exp
c:\lpdev\nadvsrv\x64\debug\versioning.res
c:\lpdev\nadvsrv\x64\debug\nadvsrv.tlog\cl.command.1.tlog
c:\lpdev\nadvsrv\x64\debug\nadvsrv.tlog\cl.read.1.tlog
c:\lpdev\nadvsrv\x64\debug\nadvsrv.tlog\cl.write.1.tlog
c:\lpdev\nadvsrv\x64\debug\nadvsrv.tlog\link.command.1.tlog
c:\lpdev\nadvsrv\x64\debug\nadvsrv.tlog\link.read.1.tlog
c:\lpdev\nadvsrv\x64\debug\nadvsrv.tlog\link.write.1.tlog
c:\lpdev\nadvsrv\x64\debug\nadvsrv.tlog\nadvsrv.write.1u.tlog
c:\lpdev\nadvsrv\x64\debug\nadvsrv.tlog\rc.command.1.tlog
c:\lpdev\nadvsrv\x64\debug\nadvsrv.tlog\rc.read.1.tlog
c:\lpdev\nadvsrv\x64\debug\nadvsrv.tlog\rc.write.1.tlog
